{
  "RSpec": {
    "coverage": {
      "/Users/philthom85/development/MyRepos/parrot_tn/lib/parrot_tn.rb": [
        1,
        1
      ],
      "/Users/philthom85/development/MyRepos/parrot_tn/lib/tools/parrot_tn.rb": [
        1,
        1,
        1,
        1,
        null,
        null,
        1,
        null,
        1,
        null,
        null,
        1,
        null,
        1,
        null,
        null,
        null,
        null,
        null,
        null,
        null,
        null,
        null,
        1,
        31,
        31,
        31,
        null,
        31,
        31,
        31,
        8,
        8,
        null,
        31,
        31,
        null,
        null,
        null,
        null,
        null,
        null,
        null,
        null,
        1,
        18,
        18,
        18,
        1,
        null,
        18,
        6,
        11,
        11,
        11,
        6,
        null,
        5,
        null,
        null,
        null,
        18,
        18,
        12,
        null,
        18,
        4,
        4,
        2,
        null,
        null,
        18,
        null,
        null,
        null,
        1,
        20,
        null,
        null,
        null,
        1,
        13,
        13,
        10,
        10,
        10,
        10,
        10,
        null,
        null,
        null,
        null,
        null,
        1,
        null,
        1,
        11,
        11,
        null,
        null,
        1,
        8,
        8,
        null,
        null,
        null,
        1,
        373,
        11,
        33,
        null,
        11,
        null,
        11,
        null,
        null,
        null
      ],
      "/Users/philthom85/development/MyRepos/parrot_tn/lib/google/google_translate.rb": [
        1,
        1,
        null,
        null,
        1,
        null,
        1,
        null,
        null,
        1,
        null,
        null,
        null,
        null,
        null,
        null,
        null,
        null,
        null,
        null,
        null,
        null,
        null,
        null,
        null,
        null,
        null,
        null,
        null,
        null,
        null,
        null,
        null,
        null,
        1,
        null,
        null,
        1,
        15,
        null,
        null,
        null,
        null,
        null,
        null,
        1,
        16,
        16,
        16,
        null,
        16,
        1,
        null,
        null,
        15,
        1,
        null,
        null,
        14,
        1,
        null,
        null,
        13,
        null,
        null,
        null,
        null,
        13,
        null,
        2,
        null,
        10,
        null,
        1,
        null,
        null,
        null,
        null
      ],
      "/Users/philthom85/development/MyRepos/parrot_tn/lib/tools/secure_file.rb": [
        1,
        null,
        1,
        null,
        null,
        null,
        1,
        21,
        21,
        null,
        1,
        null,
        null,
        null,
        null,
        null,
        null,
        null,
        1,
        null,
        2,
        null,
        null,
        null,
        null,
        null,
        null,
        1,
        21,
        21,
        20,
        null,
        1,
        null,
        null,
        null,
        null,
        null,
        null,
        null,
        1,
        2,
        2,
        1,
        null,
        null,
        1,
        null,
        null,
        null,
        null
      ],
      "/Users/philthom85/development/MyRepos/parrot_tn/lib/tools/parser_yml.rb": [
        1,
        null,
        1,
        null,
        null,
        1,
        1,
        null,
        null,
        1,
        4,
        null,
        null,
        null,
        null,
        null,
        null,
        null,
        null,
        1,
        2,
        2,
        2,
        null,
        2,
        null,
        2,
        2,
        2,
        2,
        2,
        2,
        null,
        2,
        2,
        null,
        null,
        null,
        null,
        1,
        null,
        1,
        16,
        16,
        16,
        16,
        16,
        4,
        null,
        null,
        null,
        null,
        null,
        1,
        18,
        18,
        4,
        12,
        null,
        null,
        2,
        4,
        null,
        null,
        10,
        10,
        10,
        null,
        null,
        2,
        null,
        18,
        null,
        null,
        null
      ]
    },
    "timestamp": 1342018142
  }
}
